2024-01-15 09:00:00 [INFO] Application server initialization started
2024-01-15 09:00:10 [INFO] Loading configuration files...
2024-01-15 09:00:20 [INFO] Database connection pool created: 20 connections
2024-01-15 09:00:30 [INFO] Cache layer initialized
2024-01-15 09:00:40 [WARNING] Certificate expires in 60 days - plan renewal
2024-01-15 09:01:00 [INFO] Web server started on port 8080
2024-01-15 09:01:30 [INFO] API routes registered successfully
2024-01-15 09:02:00 [WARNING] Slow query detected: SELECT * FROM users took 1200ms
2024-01-15 09:02:30 [INFO] Monitoring service activated
2024-01-15 09:03:00 [ERROR] Failed to connect to monitoring dashboard
2024-01-15 09:03:30 [INFO] Authentication module loaded
2024-01-15 09:04:00 [WARNING] Third-party service API rate limit at 90%
2024-01-15 09:04:30 [INFO] Email notification service ready
2024-01-15 09:05:00 [ERROR] Exception in notification queue handler
2024-01-15 09:05:30 [INFO] Scheduler initialized with 12 tasks
2024-01-15 09:06:00 [WARNING] Memory leak suspected in component X
2024-01-15 09:06:30 [INFO] Performance metrics collection started
2024-01-15 09:07:00 [ERROR] Invalid configuration detected in app.config
2024-01-15 09:07:30 [INFO] All systems operational
2024-01-15 09:08:00 [WARNING] Unrecognized user attempting access
