2024-01-15 08:00:00 [ERROR] Database connection failed: Unable to connect to localhost:5432
2024-01-15 08:00:05 [INFO] Application started successfully
2024-01-15 08:00:15 [WARNING] Memory usage at 78% - consider optimization
2024-01-15 08:01:20 [ERROR] [AuthService] Authentication denied for user admin@example.com
2024-01-15 08:01:25 [INFO] [APIGateway] Request processed: GET /api/users
2024-01-15 08:02:30 [WARNING] API response time exceeded threshold: 2500ms
2024-01-15 08:03:00 [ERROR] [PaymentService] Failed to process transaction ID: TXN-12345
2024-01-15 08:03:10 [INFO] Backup completed successfully
2024-01-15 08:04:15 [WARNING] Deprecated API endpoint accessed: /api/v1/old-endpoint
2024-01-15 08:05:00 [ERROR] Segmentation fault in database query handler
2024-01-15 08:05:30 [INFO] [CacheManager] Cache cleaned successfully
2024-01-15 08:06:00 [WARNING] Retry attempt 3/5 for sending email notification
2024-01-15 08:07:15 [ERROR] [FileService] File not found: /var/data/config/settings.json
2024-01-15 08:08:00 [INFO] User session created for user: john.doe@example.com
2024-01-15 08:08:30 [WARNING] Unusual network traffic detected from 192.168.1.100
2024-01-15 08:09:00 [ERROR] Could not establish SSL connection to remote server
2024-01-15 08:10:00 [INFO] [LoadBalancer] Server health check passed
2024-01-15 08:10:45 [WARNING] Disk space low: Only 5GB remaining
2024-01-15 08:11:30 [ERROR] [DataService] Critical data integrity violation detected
2024-01-15 08:12:00 [INFO] Configuration reloaded from file
